D:\Workspace\code\risu>go mod init risu
go: creating new go.mod: module risu

D:\Workspace\code\risu>go get -u github.com/gin-gonic/gin
go: downloading github.com/gin-gonic/gin v1.10.0
go: downloading golang.org/x/net v0.25.0
go: downloading github.com/go-playground/validator/v10 v10.20.0
go: downloading github.com/pelletier/go-toml/v2 v2.2.2
go: downloading google.golang.org/protobuf v1.34.1
go: downloading github.com/bytedance/sonic v1.12.1
go: downloading github.com/goccy/go-json v0.10.3
go: downloading golang.org/x/sys v0.20.0
go: downloading github.com/go-playground/validator/v10 v10.22.0
go: downloading golang.org/x/net v0.28.0
go: downloading golang.org/x/crypto v0.23.0
go: downloading golang.org/x/text v0.15.0
go: downloading github.com/gabriel-vasile/mimetype v1.4.5
go: downloading google.golang.org/protobuf v1.34.2
go: downloading golang.org/x/sys v0.24.0
go: downloading golang.org/x/crypto v0.26.0
go: downloading golang.org/x/arch v0.8.0
go: downloading github.com/bytedance/sonic/loader v0.2.0
go: downloading golang.org/x/text v0.17.0
go: downloading golang.org/x/arch v0.9.0
go: downloading github.com/klauspost/cpuid/v2 v2.2.8
go: added github.com/bytedance/sonic v1.12.1
go: added github.com/bytedance/sonic/loader v0.2.0
go: added github.com/cloudwego/base64x v0.1.4
go: added github.com/cloudwego/iasm v0.2.0
go: added github.com/gabriel-vasile/mimetype v1.4.5
go: added github.com/gin-contrib/sse v0.1.0
go: added github.com/gin-gonic/gin v1.10.0
go: added github.com/go-playground/locales v0.14.1
go: added github.com/go-playground/universal-translator v0.18.1
go: added github.com/go-playground/validator/v10 v10.22.0
go: added github.com/goccy/go-json v0.10.3
go: added github.com/json-iterator/go v1.1.12
go: added github.com/klauspost/cpuid/v2 v2.2.8
go: added github.com/leodido/go-urn v1.4.0
go: added github.com/mattn/go-isatty v0.0.20
go: added github.com/modern-go/concurrent v0.0.0-20180306012644-bacd9c7ef1dd
go: added github.com/modern-go/reflect2 v1.0.2
go: added github.com/pelletier/go-toml/v2 v2.2.2
go: added github.com/twitchyliquid64/golang-asm v0.15.1
go: added github.com/ugorji/go/codec v1.2.12
go: added golang.org/x/arch v0.9.0
go: added golang.org/x/crypto v0.26.0
go: added golang.org/x/net v0.28.0
go: added golang.org/x/sys v0.24.0
go: added golang.org/x/text v0.17.0
go: added google.golang.org/protobuf v1.34.2
go: added gopkg.in/yaml.v3 v3.0.1

D:\Workspace\code\risu>go run main.go

D:\Workspace\code\risu>go build

D:\Workspace\code\risu>risu.exe
